DQR_android_sdk/AndroidECRSdk/build/intermediates/manifest_merge_blame_file/release/manifest-merger-blame-release-report.txt
1<?xml version="1.0" encoding="utf-8"?>
2<manifest xmlns:android="http://schemas.android.com/apk/res/android"
3    package="com.paytm.androidecrsdk" >
4
5    <uses-sdk
6        android:minSdkVersion="21"
6-->src/main/AndroidManifest.xml
7        android:targetSdkVersion="32" />
7-->src/main/AndroidManifest.xml
8
9    <uses-feature android:name="android.hardware.usb.host" />
9-->src/main/AndroidManifest.xml:5:5-62
9-->src/main/AndroidManifest.xml:5:19-59
10    <uses-feature
10-->src/main/AndroidManifest.xml:6:5-8:47
11        android:name="android.permission.MANAGE_USB"
11-->src/main/AndroidManifest.xml:7:9-53
12        android:protectionLevel="signature" />
12-->src/main/AndroidManifest.xml:8:9-44
13
14    <uses-permission android:name="android.permission.USB_PERMISSION" />
14-->src/main/AndroidManifest.xml:10:5-73
14-->src/main/AndroidManifest.xml:10:22-70
15
16</manifest>